\BOOKMARK [1][-]{Doc-Start}{Introduction}{}% 1
\BOOKMARK [1][-]{section.1}{Multi layer perceptron \(MLP\)}{}% 2
\BOOKMARK [2][-]{subsection.1.1}{Forward phase}{section.1}% 3
\BOOKMARK [2][-]{subsection.1.2}{Loss function}{section.1}% 4
\BOOKMARK [2][-]{subsection.1.3}{Backward phase: Backpropagation}{section.1}% 5
\BOOKMARK [2][-]{subsection.1.4}{Update phase}{section.1}% 6
\BOOKMARK [2][-]{subsection.1.5}{Weight regularization}{section.1}% 7
\BOOKMARK [1][-]{section.2}{Convolutional neural network \(CNN\)}{}% 8
\BOOKMARK [2][-]{subsection.2.1}{Convolution and Pooling block}{section.2}% 9
\BOOKMARK [2][-]{subsection.2.2}{Backward phase}{section.2}% 10
\BOOKMARK [1][-]{section.3}{Implementation}{}% 11
\BOOKMARK [2][-]{subsection.3.1}{MLP model}{section.3}% 12
\BOOKMARK [2][-]{subsection.3.2}{CNN Model}{section.3}% 13
\BOOKMARK [2][-]{subsection.3.3}{Hyperparameter tuning}{section.3}% 14
\BOOKMARK [1][-]{section.4}{Results and Discussion}{}% 15
\BOOKMARK [2][-]{subsection.4.1}{Iris}{section.4}% 16
\BOOKMARK [2][-]{subsection.4.2}{Statlog}{section.4}% 17
\BOOKMARK [2][-]{subsection.4.3}{mnist}{section.4}% 18
\BOOKMARK [2][-]{subsection.4.4}{Fashion mnist}{section.4}% 19
\BOOKMARK [2][-]{subsection.4.5}{Cifar10}{section.4}% 20
\BOOKMARK [1][-]{section.5}{Concluding remarks}{}% 21
